Flutter crash report; please file at https://github.com/flutter/flutter/issues.

## command

flutter build bundle --target /Users/Andhea/Documents/GitHub/carpool-flutter/lib/main.dart --target-platform android-arm64 --filesystem-scheme org-dartlang-root --track-widget-creation --depfile /Users/Andhea/Documents/GitHub/carpool-flutter/build/app/intermediates/flutter/debug/android-arm64/snapshot_blob.bin.d --asset-dir /Users/Andhea/Documents/GitHub/carpool-flutter/build/app/intermediates/flutter/debug/android-arm64/flutter_assets --debug

## exception

FileSystemException: FileSystemException: writeFrom failed, path = '' (OS Error: Broken pipe, errno = 32)

```
#0      _RandomAccessFile.writeFromSync (dart:io/file_impl.dart:879:7)
#1      _StdConsumer.addStream.<anonymous closure> (dart:io/stdio.dart:308:15)
#2      _rootRunUnary (dart:async/zone.dart:1132:38)
#3      _CustomZone.runUnary (dart:async/zone.dart:1029:19)
#4      _CustomZone.runUnaryGuarded (dart:async/zone.dart:931:7)
#5      _BufferingStreamSubscription._sendData (dart:async/stream_impl.dart:336:11)
#6      _BufferingStreamSubscription._add (dart:async/stream_impl.dart:263:7)
#7      _SyncStreamController._sendData (dart:async/stream_controller.dart:764:19)
#8      _StreamController._add (dart:async/stream_controller.dart:640:7)
#9      _StreamController.add (dart:async/stream_controller.dart:586:5)
#10     _StreamSinkImpl.add (dart:io/io_sink.dart:156:17)
#11     _IOSinkImpl.write (dart:io/io_sink.dart:289:5)
#12     _IOSinkImpl.writeln (dart:io/io_sink.dart:309:5)
#13     _StdSink.writeln (dart:io/stdio.dart:341:11)
#14     StdoutLogger.printError (package:flutter_tools/src/base/logger.dart:173:12)
#15     printError (package:flutter_tools/src/globals.dart:32:10)
#16     StdoutHandler.handler (package:flutter_tools/src/compile.dart:128:11)
#17     _rootRunUnary (dart:async/zone.dart:1132:38)
#18     _CustomZone.runUnary (dart:async/zone.dart:1029:19)
#19     _CustomZone.runUnaryGuarded (dart:async/zone.dart:931:7)
#20     _BufferingStreamSubscription._sendData (dart:async/stream_impl.dart:336:11)
#21     _BufferingStreamSubscription._add (dart:async/stream_impl.dart:263:7)
#22     _SinkTransformerStreamSubscription._add (dart:async/stream_transformers.dart:68:11)
#23     _EventSinkWrapper.add (dart:async/stream_transformers.dart:15:11)
#24     _StringAdapterSink.add (dart:convert/string_conversion.dart:236:11)
#25     _LineSplitterSink._addLines (dart:convert/line_splitter.dart:150:13)
#26     _LineSplitterSink.addSlice (dart:convert/line_splitter.dart:125:5)
#27     StringConversionSinkMixin.add (dart:convert/string_conversion.dart:163:5)
#28     _SinkTransformerStreamSubscription._handleData (dart:async/stream_transformers.dart:120:24)
#29     _rootRunUnary (dart:async/zone.dart:1132:38)
#30     _CustomZone.runUnary (dart:async/zone.dart:1029:19)
#31     _CustomZone.runUnaryGuarded (dart:async/zone.dart:931:7)
#32     _BufferingStreamSubscription._sendData (dart:async/stream_impl.dart:336:11)
#33     _BufferingStreamSubscription._add (dart:async/stream_impl.dart:263:7)
#34     _SinkTransformerStreamSubscription._add (dart:async/stream_transformers.dart:68:11)
#35     _EventSinkWrapper.add (dart:async/stream_transformers.dart:15:11)
#36     _StringAdapterSink.add (dart:convert/string_conversion.dart:236:11)
#37     _StringAdapterSink.addSlice (dart:convert/string_conversion.dart:241:7)
#38     _Utf8ConversionSink.addSlice (dart:convert/string_conversion.dart:312:20)
#39     _Utf8ConversionSink.add (dart:convert/string_conversion.dart:305:5)
#40     _ConverterStreamEventSink.add (dart:convert/chunked_conversion.dart:72:18)
#41     _SinkTransformerStreamSubscription._handleData (dart:async/stream_transformers.dart:120:24)
#42     _rootRunUnary (dart:async/zone.dart:1132:38)
#43     _CustomZone.runUnary (dart:async/zone.dart:1029:19)
#44     _CustomZone.runUnaryGuarded (dart:async/zone.dart:931:7)
#45     _BufferingStreamSubscription._sendData (dart:async/stream_impl.dart:336:11)
#46     _BufferingStreamSubscription._add (dart:async/stream_impl.dart:263:7)
#47     _SyncStreamController._sendData (dart:async/stream_controller.dart:764:19)
#48     _StreamController._add (dart:async/stream_controller.dart:640:7)
#49     _StreamController.add (dart:async/stream_controller.dart:586:5)
#50     _Socket._onData (dart:io-patch/socket_patch.dart:1786:41)
#51     _rootRunUnary (dart:async/zone.dart:1136:13)
#52     _CustomZone.runUnary (dart:async/zone.dart:1029:19)
#53     _CustomZone.runUnaryGuarded (dart:async/zone.dart:931:7)
#54     _BufferingStreamSubscription._sendData (dart:async/stream_impl.dart:336:11)
#55     _BufferingStreamSubscription._add (dart:async/stream_impl.dart:263:7)
#56     _SyncStreamController._sendData (dart:async/stream_controller.dart:764:19)
#57     _StreamController._add (dart:async/stream_controller.dart:640:7)
#58     _StreamController.add (dart:async/stream_controller.dart:586:5)
#59     new _RawSocket.<anonymous closure> (dart:io-patch/socket_patch.dart:1335:33)
#60     _NativeSocket.issueReadEvent.issue (dart:io-patch/socket_patch.dart:856:14)
#61     _microtaskLoop (dart:async/schedule_microtask.dart:41:21)
#62     _startMicrotaskLoop (dart:async/schedule_microtask.dart:50:5)
#63     _runPendingImmediateCallback (dart:isolate-patch/isolate_patch.dart:116:13)
#64     _RawReceivePortImpl._handleMessage (dart:isolate-patch/isolate_patch.dart:173:5)
```

## flutter doctor

```
[✓] Flutter (Channel stable, v1.7.8+hotfix.4, on Mac OS X 10.12.6 16G2016, locale en-ID)
    • Flutter version 1.7.8+hotfix.4 at /Users/Andhea/development/flutter
    • Framework revision 20e59316b8 (5 weeks ago), 2019-07-18 20:04:33 -0700
    • Engine revision fee001c93f
    • Dart version 2.4.0

[✓] Android toolchain - develop for Android devices (Android SDK version 28.0.3)
    • Android SDK at /Users/Andhea/Library/Android/sdk
    • Android NDK location not configured (optional; useful for native profiling support)
    • Platform android-28, build-tools 28.0.3
    • Java binary at: /Applications/Android Studio.app/Contents/jre/jdk/Contents/Home/bin/java
    • Java version OpenJDK Runtime Environment (build 1.8.0_152-release-1343-b01)
    • All Android licenses accepted.

[✓] Xcode - develop for iOS and macOS (Xcode 9.2)
    • Xcode at /Applications/Xcode.app/Contents/Developer
    • Xcode 9.2, Build version 9C40b
    • CocoaPods version 1.7.5

[✓] iOS tools - develop for iOS devices
    • ios-deploy 1.9.4

[✓] Android Studio (version 3.4)
    • Android Studio at /Applications/Android Studio.app/Contents
    • Flutter plugin version 38.2.1
    • Dart plugin version 183.6270
    • Java version OpenJDK Runtime Environment (build 1.8.0_152-release-1343-b01)

[✓] Connected device (1 available)
    • ONEPLUS A3010 • e84bd4ec • android-arm64 • Android 9 (API 28)

• No issues found!
```
